2024/07/09 08:08:58 [error] [exception.ParseError] ParseError: syntax error, unexpected variable "$username" in C:\xampp\htdocs\WebKlinik\protected\views\site\index.php:6
Stack trace:
#0 C:\xampp\htdocs\yii\framework\web\CBaseController.php(95): CBaseController->renderInternal('C:\\xampp\\htdocs...', NULL, true)
#1 C:\xampp\htdocs\yii\framework\web\CController.php(872): CBaseController->renderFile('C:\\xampp\\htdocs...', NULL, true)
#2 C:\xampp\htdocs\yii\framework\web\CController.php(785): CController->renderPartial('index', NULL, true)
#3 C:\xampp\htdocs\WebKlinik\protected\controllers\SiteController.php(32): CController->render('index')
#4 C:\xampp\htdocs\yii\framework\web\actions\CInlineAction.php(49): SiteController->actionIndex()
#5 C:\xampp\htdocs\yii\framework\web\CController.php(308): CInlineAction->runWithParams(Array)
#6 C:\xampp\htdocs\yii\framework\web\CController.php(286): CController->runAction(Object(CInlineAction))
#7 C:\xampp\htdocs\yii\framework\web\CController.php(265): CController->runActionWithFilters(Object(CInlineAction), Array)
#8 C:\xampp\htdocs\yii\framework\web\CWebApplication.php(282): CController->run('')
#9 C:\xampp\htdocs\yii\framework\web\CWebApplication.php(141): CWebApplication->runController('')
#10 C:\xampp\htdocs\yii\framework\base\CApplication.php(185): CWebApplication->processRequest()
#11 C:\xampp\htdocs\WebKlinik\index.php(13): CApplication->run()
#12 {main}
REQUEST_URI=/WebKlinik/index.php?
---
2024/07/09 08:50:18 [error] [php] include(User.php): Failed to open stream: No such file or directory (C:\xampp\htdocs\yii\framework\YiiBase.php:463)
Stack trace:
#0 C:\xampp\htdocs\yii\framework\YiiBase.php(463): include()
#1 C:\xampp\htdocs\WebKlinik\protected\components\UserIdentity.php(22): autoload()
#2 C:\xampp\htdocs\WebKlinik\protected\models\LoginForm.php(54): UserIdentity->authenticate()
#3 C:\xampp\htdocs\yii\framework\validators\CInlineValidator.php(42): LoginForm->authenticate()
#4 C:\xampp\htdocs\yii\framework\validators\CValidator.php(201): CInlineValidator->validateAttribute()
#5 C:\xampp\htdocs\yii\framework\base\CModel.php(159): CInlineValidator->validate()
#6 C:\xampp\htdocs\WebKlinik\protected\controllers\SiteController.php(94): LoginForm->validate()
#7 C:\xampp\htdocs\yii\framework\web\actions\CInlineAction.php(49): SiteController->actionLogin()
#8 C:\xampp\htdocs\yii\framework\web\CController.php(308): CInlineAction->runWithParams()
#9 C:\xampp\htdocs\yii\framework\web\CController.php(286): SiteController->runAction()
#10 C:\xampp\htdocs\yii\framework\web\CController.php(265): SiteController->runActionWithFilters()
#11 C:\xampp\htdocs\yii\framework\web\CWebApplication.php(282): SiteController->run()
#12 C:\xampp\htdocs\yii\framework\web\CWebApplication.php(141): CWebApplication->runController()
#13 C:\xampp\htdocs\yii\framework\base\CApplication.php(185): CWebApplication->processRequest()
#14 C:\xampp\htdocs\WebKlinik\index.php(13): CWebApplication->run()
REQUEST_URI=/WebKlinik/index.php?r=site/login
in C:\xampp\htdocs\WebKlinik\protected\components\UserIdentity.php (22)
in C:\xampp\htdocs\WebKlinik\protected\models\LoginForm.php (54)
in C:\xampp\htdocs\WebKlinik\protected\controllers\SiteController.php (94)
2024/07/09 09:48:01 [error] [php] include(User.php): Failed to open stream: No such file or directory (C:\xampp\htdocs\yii\framework\YiiBase.php:463)
Stack trace:
#0 C:\xampp\htdocs\yii\framework\YiiBase.php(463): include()
#1 C:\xampp\htdocs\WebKlinik\protected\controllers\UserController.php(7): autoload()
#2 C:\xampp\htdocs\yii\framework\web\actions\CInlineAction.php(49): UserController->actionIndex()
#3 C:\xampp\htdocs\yii\framework\web\CController.php(308): CInlineAction->runWithParams()
#4 C:\xampp\htdocs\yii\framework\web\CController.php(286): UserController->runAction()
#5 C:\xampp\htdocs\yii\framework\web\CController.php(265): UserController->runActionWithFilters()
#6 C:\xampp\htdocs\yii\framework\web\CWebApplication.php(282): UserController->run()
#7 C:\xampp\htdocs\yii\framework\web\CWebApplication.php(141): CWebApplication->runController()
#8 C:\xampp\htdocs\yii\framework\base\CApplication.php(185): CWebApplication->processRequest()
#9 C:\xampp\htdocs\WebKlinik\index.php(13): CWebApplication->run()
REQUEST_URI=/WebKlinik/index.php?r=User/index
in C:\xampp\htdocs\WebKlinik\protected\controllers\UserController.php (7)
in C:\xampp\htdocs\WebKlinik\index.php (13)
2024/07/09 09:49:18 [error] [php] include(User.php): Failed to open stream: No such file or directory (C:\xampp\htdocs\yii\framework\YiiBase.php:463)
Stack trace:
#0 C:\xampp\htdocs\yii\framework\YiiBase.php(463): include()
#1 C:\xampp\htdocs\WebKlinik\protected\controllers\UserController.php(7): autoload()
#2 C:\xampp\htdocs\yii\framework\web\actions\CInlineAction.php(49): UserController->actionIndex()
#3 C:\xampp\htdocs\yii\framework\web\CController.php(308): CInlineAction->runWithParams()
#4 C:\xampp\htdocs\yii\framework\web\CController.php(286): UserController->runAction()
#5 C:\xampp\htdocs\yii\framework\web\CController.php(265): UserController->runActionWithFilters()
#6 C:\xampp\htdocs\yii\framework\web\CWebApplication.php(282): UserController->run()
#7 C:\xampp\htdocs\yii\framework\web\CWebApplication.php(141): CWebApplication->runController()
#8 C:\xampp\htdocs\yii\framework\base\CApplication.php(185): CWebApplication->processRequest()
#9 C:\xampp\htdocs\WebKlinik\index.php(13): CWebApplication->run()
REQUEST_URI=/WebKlinik/index.php?r=User/index
in C:\xampp\htdocs\WebKlinik\protected\controllers\UserController.php (7)
in C:\xampp\htdocs\WebKlinik\index.php (13)
2024/07/09 09:49:18 [error] [php] include(User.php): Failed to open stream: No such file or directory (C:\xampp\htdocs\yii\framework\YiiBase.php:463)
Stack trace:
#0 C:\xampp\htdocs\yii\framework\YiiBase.php(463): include()
#1 C:\xampp\htdocs\WebKlinik\protected\controllers\UserController.php(7): autoload()
#2 C:\xampp\htdocs\yii\framework\web\actions\CInlineAction.php(49): UserController->actionIndex()
#3 C:\xampp\htdocs\yii\framework\web\CController.php(308): CInlineAction->runWithParams()
#4 C:\xampp\htdocs\yii\framework\web\CController.php(286): UserController->runAction()
#5 C:\xampp\htdocs\yii\framework\web\CController.php(265): UserController->runActionWithFilters()
#6 C:\xampp\htdocs\yii\framework\web\CWebApplication.php(282): UserController->run()
#7 C:\xampp\htdocs\yii\framework\web\CWebApplication.php(141): CWebApplication->runController()
#8 C:\xampp\htdocs\yii\framework\base\CApplication.php(185): CWebApplication->processRequest()
#9 C:\xampp\htdocs\WebKlinik\index.php(13): CWebApplication->run()
REQUEST_URI=/WebKlinik/index.php?r=User/index
in C:\xampp\htdocs\WebKlinik\protected\controllers\UserController.php (7)
in C:\xampp\htdocs\WebKlinik\index.php (13)
2024/07/09 09:49:48 [error] [php] include(User.php): Failed to open stream: No such file or directory (C:\xampp\htdocs\yii\framework\YiiBase.php:463)
Stack trace:
#0 C:\xampp\htdocs\yii\framework\YiiBase.php(463): include()
#1 C:\xampp\htdocs\WebKlinik\protected\controllers\UserController.php(7): autoload()
#2 C:\xampp\htdocs\yii\framework\web\actions\CInlineAction.php(49): UserController->actionIndex()
#3 C:\xampp\htdocs\yii\framework\web\CController.php(308): CInlineAction->runWithParams()
#4 C:\xampp\htdocs\yii\framework\web\CController.php(286): UserController->runAction()
#5 C:\xampp\htdocs\yii\framework\web\CController.php(265): UserController->runActionWithFilters()
#6 C:\xampp\htdocs\yii\framework\web\CWebApplication.php(282): UserController->run()
#7 C:\xampp\htdocs\yii\framework\web\CWebApplication.php(141): CWebApplication->runController()
#8 C:\xampp\htdocs\yii\framework\base\CApplication.php(185): CWebApplication->processRequest()
#9 C:\xampp\htdocs\WebKlinik\index.php(13): CWebApplication->run()
REQUEST_URI=/WebKlinik/index.php?r=User/index
in C:\xampp\htdocs\WebKlinik\protected\controllers\UserController.php (7)
in C:\xampp\htdocs\WebKlinik\index.php (13)
2024/07/09 09:50:57 [error] [php] Undefined variable $users (C:\xampp\htdocs\WebKlinik\protected\views\user\index.php:11)
Stack trace:
#0 C:\xampp\htdocs\yii\framework\web\CBaseController.php(126): require()
#1 C:\xampp\htdocs\yii\framework\web\CBaseController.php(95): UserController->renderInternal()
#2 C:\xampp\htdocs\yii\framework\web\CController.php(872): UserController->renderFile()
#3 C:\xampp\htdocs\yii\framework\web\CController.php(785): UserController->renderPartial()
#4 C:\xampp\htdocs\WebKlinik\protected\controllers\UserController.php(9): UserController->render()
#5 C:\xampp\htdocs\yii\framework\web\actions\CInlineAction.php(49): UserController->actionIndex()
#6 C:\xampp\htdocs\yii\framework\web\CController.php(308): CInlineAction->runWithParams()
#7 C:\xampp\htdocs\yii\framework\web\CController.php(286): UserController->runAction()
#8 C:\xampp\htdocs\yii\framework\web\CController.php(265): UserController->runActionWithFilters()
#9 C:\xampp\htdocs\yii\framework\web\CWebApplication.php(282): UserController->run()
#10 C:\xampp\htdocs\yii\framework\web\CWebApplication.php(141): CWebApplication->runController()
#11 C:\xampp\htdocs\yii\framework\base\CApplication.php(185): CWebApplication->processRequest()
#12 C:\xampp\htdocs\WebKlinik\index.php(13): CWebApplication->run()
REQUEST_URI=/WebKlinik/index.php?r=User/index
in C:\xampp\htdocs\WebKlinik\protected\views\user\index.php (11)
in C:\xampp\htdocs\WebKlinik\protected\controllers\UserController.php (9)
in C:\xampp\htdocs\WebKlinik\index.php (13)
2024/07/09 09:51:16 [error] [php] Undefined variable $users (C:\xampp\htdocs\WebKlinik\protected\views\user\index.php:11)
Stack trace:
#0 C:\xampp\htdocs\yii\framework\web\CBaseController.php(126): require()
#1 C:\xampp\htdocs\yii\framework\web\CBaseController.php(95): UserController->renderInternal()
#2 C:\xampp\htdocs\yii\framework\web\CController.php(872): UserController->renderFile()
#3 C:\xampp\htdocs\yii\framework\web\CController.php(785): UserController->renderPartial()
#4 C:\xampp\htdocs\WebKlinik\protected\controllers\UserController.php(9): UserController->render()
#5 C:\xampp\htdocs\yii\framework\web\actions\CInlineAction.php(49): UserController->actionIndex()
#6 C:\xampp\htdocs\yii\framework\web\CController.php(308): CInlineAction->runWithParams()
#7 C:\xampp\htdocs\yii\framework\web\CController.php(286): UserController->runAction()
#8 C:\xampp\htdocs\yii\framework\web\CController.php(265): UserController->runActionWithFilters()
#9 C:\xampp\htdocs\yii\framework\web\CWebApplication.php(282): UserController->run()
#10 C:\xampp\htdocs\yii\framework\web\CWebApplication.php(141): CWebApplication->runController()
#11 C:\xampp\htdocs\yii\framework\base\CApplication.php(185): CWebApplication->processRequest()
#12 C:\xampp\htdocs\WebKlinik\index.php(13): CWebApplication->run()
REQUEST_URI=/WebKlinik/index.php?r=User/index
in C:\xampp\htdocs\WebKlinik\protected\views\user\index.php (11)
in C:\xampp\htdocs\WebKlinik\protected\controllers\UserController.php (9)
in C:\xampp\htdocs\WebKlinik\index.php (13)
